
c:\Users\emkad\EBuy\E-Foods\android>if "Windows_NT" == "Windows_NT" setlocal

c:\Users\emkad\EBuy\E-Foods\android>set DIRNAME=c:\Users\emkad\EBuy\E-Foods\android\ 

c:\Users\emkad\EBuy\E-Foods\android>if "c:\Users\emkad\EBuy\E-Foods\android\" == "" set DIRNAME=. 

c:\Users\emkad\EBuy\E-Foods\android>set APP_BASE_NAME=gradlew 

c:\Users\emkad\EBuy\E-Foods\android>set APP_HOME=c:\Users\emkad\EBuy\E-Foods\android\ 

c:\Users\emkad\EBuy\E-Foods\android>for %i in ("c:\Users\emkad\EBuy\E-Foods\android\") do set APP_HOME=%~fi 

c:\Users\emkad\EBuy\E-Foods\android>set APP_HOME=c:\Users\emkad\EBuy\E-Foods\android\ 

c:\Users\emkad\EBuy\E-Foods\android>set DEFAULT_JVM_OPTS="-Xmx64m" "-Xms64m" 

c:\Users\emkad\EBuy\E-Foods\android>if defined JAVA_HOME goto findJavaFromJavaHome 

c:\Users\emkad\EBuy\E-Foods\android>set JAVA_HOME=C:\Program Files\Android\Android Studio1\jbr 

c:\Users\emkad\EBuy\E-Foods\android>set JAVA_EXE=C:\Program Files\Android\Android Studio1\jbr/bin/java.exe 

c:\Users\emkad\EBuy\E-Foods\android>if exist "C:\Program Files\Android\Android Studio1\jbr/bin/java.exe" goto execute 

c:\Users\emkad\EBuy\E-Foods\android>set CLASSPATH= 

c:\Users\emkad\EBuy\E-Foods\android>"C:\Program Files\Android\Android Studio1\jbr/bin/java.exe" "-Xmx64m" "-Xms64m"   "-Dorg.gradle.appname=gradlew" -classpath "" -jar "c:\Users\emkad\EBuy\E-Foods\android\\gradle\wrapper\gradle-wrapper.jar" app:assembleDebug -x lint -x test --configure-on-demand --build-cache -PreactNativeDevServerPort=8081 -PreactNativeArchitectures=x86_64,arm64-v8a --console=plain 
Starting a Gradle Daemon, 2 busy Daemons could not be reused, use --status for details
Configuration on demand is an incubating feature.
> Task :expo-gradle-plugin:expo-autolinking-settings-plugin:checkKotlinGradlePluginConfigurationErrors SKIPPED
> Task :gradle-plugin:shared:checkKotlinGradlePluginConfigurationErrors SKIPPED
> Task :expo-gradle-plugin:expo-autolinking-plugin-shared:checkKotlinGradlePluginConfigurationErrors SKIPPED
> Task :gradle-plugin:settings-plugin:checkKotlinGradlePluginConfigurationErrors SKIPPED
> Task :gradle-plugin:settings-plugin:pluginDescriptors UP-TO-DATE
> Task :gradle-plugin:settings-plugin:processResources UP-TO-DATE
> Task :expo-gradle-plugin:expo-autolinking-settings-plugin:pluginDescriptors UP-TO-DATE
> Task :expo-gradle-plugin:expo-autolinking-settings-plugin:processResources UP-TO-DATE
> Task :gradle-plugin:shared:compileKotlin UP-TO-DATE
> Task :gradle-plugin:shared:compileJava NO-SOURCE
> Task :gradle-plugin:shared:processResources NO-SOURCE
> Task :expo-gradle-plugin:expo-autolinking-plugin-shared:compileKotlin UP-TO-DATE
> Task :gradle-plugin:shared:classes UP-TO-DATE
> Task :gradle-plugin:shared:jar UP-TO-DATE
> Task :expo-gradle-plugin:expo-autolinking-plugin-shared:compileJava NO-SOURCE
> Task :expo-gradle-plugin:expo-autolinking-plugin-shared:processResources NO-SOURCE
> Task :expo-gradle-plugin:expo-autolinking-plugin-shared:classes UP-TO-DATE
> Task :expo-gradle-plugin:expo-autolinking-plugin-shared:jar UP-TO-DATE
> Task :gradle-plugin:settings-plugin:compileKotlin UP-TO-DATE
> Task :gradle-plugin:settings-plugin:compileJava NO-SOURCE
> Task :gradle-plugin:settings-plugin:classes UP-TO-DATE
> Task :gradle-plugin:settings-plugin:jar UP-TO-DATE
> Task :expo-gradle-plugin:expo-autolinking-settings-plugin:compileKotlin UP-TO-DATE
> Task :expo-gradle-plugin:expo-autolinking-settings-plugin:compileJava NO-SOURCE
> Task :expo-gradle-plugin:expo-autolinking-settings-plugin:classes UP-TO-DATE
> Task :expo-gradle-plugin:expo-autolinking-settings-plugin:jar UP-TO-DATE
> Task :expo-gradle-plugin:expo-autolinking-plugin:checkKotlinGradlePluginConfigurationErrors SKIPPED
> Task :gradle-plugin:react-native-gradle-plugin:checkKotlinGradlePluginConfigurationErrors SKIPPED
> Task :expo-module-gradle-plugin:checkKotlinGradlePluginConfigurationErrors SKIPPED
> Task :expo-gradle-plugin:expo-autolinking-plugin:compileKotlin UP-TO-DATE
> Task :expo-gradle-plugin:expo-autolinking-plugin:compileJava NO-SOURCE
> Task :expo-gradle-plugin:expo-autolinking-plugin:pluginDescriptors UP-TO-DATE
> Task :expo-module-gradle-plugin:pluginDescriptors UP-TO-DATE
> Task :expo-gradle-plugin:expo-autolinking-plugin:processResources UP-TO-DATE
> Task :expo-gradle-plugin:expo-autolinking-plugin:classes UP-TO-DATE
> Task :expo-module-gradle-plugin:processResources UP-TO-DATE
> Task :expo-gradle-plugin:expo-autolinking-plugin:jar UP-TO-DATE
> Task :expo-dev-launcher-gradle-plugin:checkKotlinGradlePluginConfigurationErrors SKIPPED
> Task :expo-dev-launcher-gradle-plugin:pluginDescriptors UP-TO-DATE
> Task :expo-dev-launcher-gradle-plugin:processResources UP-TO-DATE
> Task :gradle-plugin:react-native-gradle-plugin:compileKotlin UP-TO-DATE
> Task :gradle-plugin:react-native-gradle-plugin:compileJava NO-SOURCE
> Task :gradle-plugin:react-native-gradle-plugin:pluginDescriptors UP-TO-DATE
> Task :gradle-plugin:react-native-gradle-plugin:processResources UP-TO-DATE
> Task :gradle-plugin:react-native-gradle-plugin:classes UP-TO-DATE
> Task :gradle-plugin:react-native-gradle-plugin:jar UP-TO-DATE
> Task :expo-module-gradle-plugin:compileKotlin UP-TO-DATE
> Task :expo-module-gradle-plugin:compileJava NO-SOURCE
> Task :expo-module-gradle-plugin:classes UP-TO-DATE
> Task :expo-dev-launcher-gradle-plugin:compileKotlin UP-TO-DATE
> Task :expo-dev-launcher-gradle-plugin:compileJava NO-SOURCE
> Task :expo-dev-launcher-gradle-plugin:classes UP-TO-DATE
> Task :expo-dev-launcher-gradle-plugin:jar UP-TO-DATE
> Task :expo-module-gradle-plugin:jar UP-TO-DATE

> Configure project :
[32m[ExpoRootProject][0m Using the following versions:
  - buildTools:  [32m36.0.0[0m
  - minSdk:      [32m24[0m
  - compileSdk:  [32m36[0m
  - targetSdk:   [32m36[0m
  - ndk:         [32m27.1.12297006[0m
  - kotlin:      [32m2.1.20[0m
  - ksp:         [32m2.1.20-2.0.1[0m

> Configure project :app
 ℹ️  [33mApplying gradle plugin[0m '[32mexpo-dev-launcher-gradle-plugin[0m'

> Configure project :expo

Using expo modules
  - [32mexpo-constants[0m (18.0.13)
  - [32mexpo-dev-client[0m (6.0.20)
  - [32mexpo-dev-launcher[0m (6.0.20)
  - [32mexpo-dev-menu[0m (7.0.18)
  - [32mexpo-dev-menu-interface[0m (2.0.0)
  - [32mexpo-json-utils[0m (0.15.0)
  - [32mexpo-manifests[0m (1.0.10)
  - [32mexpo-modules-core[0m (3.0.29)
  - [32mexpo-updates-interface[0m (2.0.0)
  - [33m[📦][0m [32mexpo-application[0m (7.0.8)
  - [33m[📦][0m [32mexpo-asset[0m (12.0.12)
  - [33m[📦][0m [32mexpo-device[0m (8.0.10)
  - [33m[📦][0m [32mexpo-file-system[0m (19.0.21)
  - [33m[📦][0m [32mexpo-font[0m (14.0.11)
  - [33m[📦][0m [32mexpo-haptics[0m (15.0.8)
  - [33m[📦][0m [32mexpo-image[0m (3.0.11)
  - [33m[📦][0m [32mexpo-image-loader[0m (6.0.0)
  - [33m[📦][0m [32mexpo-image-picker[0m (17.0.10)
  - [33m[📦][0m [32mexpo-keep-awake[0m (15.0.8)
  - [33m[📦][0m [32mexpo-linking[0m (8.0.11)
  - [33m[📦][0m [32mexpo-location[0m (19.0.8)
  - [33m[📦][0m [32mexpo-notifications[0m (0.32.16)
  - [33m[📦][0m [32mexpo-splash-screen[0m (31.0.13)
  - [33m[📦][0m [32mexpo-system-ui[0m (6.0.9)
  - [33m[📦][0m [32mexpo-web-browser[0m (15.0.10)


> Task :expo-dev-client:preBuild UP-TO-DATE
> Task :expo-dev-client:preDebugBuild UP-TO-DATE
> Task :expo:generatePackagesList UP-TO-DATE
> Task :expo:preBuild UP-TO-DATE
> Task :expo:preDebugBuild UP-TO-DATE
> Task :expo-dev-client:writeDebugAarMetadata UP-TO-DATE
> Task :expo-dev-launcher:preBuild UP-TO-DATE
> Task :expo-dev-launcher:preDebugBuild UP-TO-DATE
> Task :expo:writeDebugAarMetadata UP-TO-DATE
> Task :expo-dev-launcher:writeDebugAarMetadata UP-TO-DATE
> Task :expo-dev-menu:preBuild UP-TO-DATE
> Task :expo-dev-menu-interface:preBuild UP-TO-DATE
> Task :expo-dev-menu-interface:preDebugBuild UP-TO-DATE
> Task :expo-dev-menu:preDebugBuild UP-TO-DATE
> Task :expo-dev-menu-interface:writeDebugAarMetadata UP-TO-DATE
> Task :expo-json-utils:preBuild UP-TO-DATE
> Task :expo-json-utils:preDebugBuild UP-TO-DATE
> Task :expo-dev-menu:writeDebugAarMetadata UP-TO-DATE
> Task :expo-manifests:preBuild UP-TO-DATE
> Task :expo-manifests:preDebugBuild UP-TO-DATE
> Task :expo-json-utils:writeDebugAarMetadata UP-TO-DATE
> Task :expo-modules-core:preBuild UP-TO-DATE
> Task :expo-modules-core:preDebugBuild UP-TO-DATE
> Task :expo-modules-core:writeDebugAarMetadata UP-TO-DATE
> Task :expo-updates-interface:preBuild UP-TO-DATE
> Task :expo-updates-interface:preDebugBuild UP-TO-DATE
> Task :expo-updates-interface:writeDebugAarMetadata UP-TO-DATE
> Task :expo-manifests:writeDebugAarMetadata UP-TO-DATE
> Task :react-native-async-storage_async-storage:generateCodegenSchemaFromJavaScript UP-TO-DATE
> Task :react-native-gesture-handler:generateCodegenSchemaFromJavaScript UP-TO-DATE
> Task :react-native-gesture-handler:generateCodegenArtifactsFromSchema UP-TO-DATE
> Task :react-native-gesture-handler:preBuild UP-TO-DATE
> Task :react-native-gesture-handler:preDebugBuild UP-TO-DATE
> Task :react-native-gesture-handler:writeDebugAarMetadata UP-TO-DATE
> Task :react-native-async-storage_async-storage:generateCodegenArtifactsFromSchema UP-TO-DATE
> Task :react-native-async-storage_async-storage:preBuild UP-TO-DATE
> Task :react-native-async-storage_async-storage:preDebugBuild UP-TO-DATE
> Task :react-native-async-storage_async-storage:writeDebugAarMetadata UP-TO-DATE
> Task :react-native-maps:preBuild UP-TO-DATE
> Task :react-native-maps:preDebugBuild UP-TO-DATE
> Task :react-native-maps:writeDebugAarMetadata UP-TO-DATE
> Task :react-native-google-signin_google-signin:generateCodegenSchemaFromJavaScript UP-TO-DATE
> Task :react-native-google-signin_google-signin:generateCodegenArtifactsFromSchema UP-TO-DATE
> Task :react-native-google-signin_google-signin:preBuild UP-TO-DATE
> Task :react-native-google-signin_google-signin:preDebugBuild UP-TO-DATE
> Task :react-native-google-signin_google-signin:writeDebugAarMetadata UP-TO-DATE
> Task :react-native-safe-area-context:generateCodegenSchemaFromJavaScript UP-TO-DATE
> Task :react-native-safe-area-context:generateCodegenArtifactsFromSchema UP-TO-DATE
> Task :react-native-safe-area-context:preBuild UP-TO-DATE
> Task :react-native-safe-area-context:preDebugBuild UP-TO-DATE
> Task :react-native-safe-area-context:writeDebugAarMetadata UP-TO-DATE
> Task :react-native-screens:generateCodegenSchemaFromJavaScript UP-TO-DATE
> Task :react-native-screens:generateCodegenArtifactsFromSchema UP-TO-DATE
> Task :react-native-screens:preBuild UP-TO-DATE
> Task :react-native-screens:preDebugBuild UP-TO-DATE
> Task :react-native-screens:writeDebugAarMetadata UP-TO-DATE
> Task :react-native-reanimated:assertMinimalReactNativeVersionTask
> Task :react-native-reanimated:assertNewArchitectureEnabledTask SKIPPED
> Task :react-native-worklets:assertMinimalReactNativeVersionTask
> Task :react-native-worklets:assertNewArchitectureEnabledTask SKIPPED
> Task :react-native-worklets:generateCodegenSchemaFromJavaScript UP-TO-DATE
> Task :react-native-worklets:generateCodegenArtifactsFromSchema UP-TO-DATE
> Task :react-native-worklets:prepareWorkletsHeadersForPrefabs UP-TO-DATE
> Task :react-native-worklets:preBuild
> Task :react-native-worklets:preDebugBuild
> Task :react-native-worklets:writeDebugAarMetadata UP-TO-DATE
> Task :expo:generateDebugResValues UP-TO-DATE
> Task :expo:generateDebugResources UP-TO-DATE
> Task :expo:packageDebugResources UP-TO-DATE
> Task :expo-dev-client:generateDebugResValues UP-TO-DATE
> Task :expo-dev-client:generateDebugResources UP-TO-DATE
> Task :expo-dev-client:packageDebugResources UP-TO-DATE
> Task :expo-dev-launcher:generateDebugResValues UP-TO-DATE

> Task :expo-constants:createExpoConfig
The NODE_ENV environment variable is required but was not specified. Ensure the project is bundled with Expo CLI or NODE_ENV is set. Using only .env.local and .env

> Task :expo-dev-launcher:generateDebugResources UP-TO-DATE
> Task :expo-dev-launcher:packageDebugResources UP-TO-DATE
> Task :expo-dev-menu:generateDebugResValues UP-TO-DATE
> Task :expo-dev-menu:generateDebugResources UP-TO-DATE
> Task :expo-dev-menu:packageDebugResources UP-TO-DATE
> Task :expo-dev-menu-interface:generateDebugResValues UP-TO-DATE
> Task :expo-dev-menu-interface:generateDebugResources UP-TO-DATE
> Task :expo-dev-menu-interface:packageDebugResources UP-TO-DATE
> Task :expo-json-utils:generateDebugResValues UP-TO-DATE
> Task :expo-json-utils:generateDebugResources UP-TO-DATE
> Task :expo-json-utils:packageDebugResources UP-TO-DATE
> Task :expo-manifests:generateDebugResValues UP-TO-DATE
> Task :expo-manifests:generateDebugResources UP-TO-DATE
> Task :expo-manifests:packageDebugResources UP-TO-DATE
> Task :expo-modules-core:generateDebugResValues UP-TO-DATE
> Task :expo-modules-core:generateDebugResources UP-TO-DATE
> Task :expo-modules-core:packageDebugResources UP-TO-DATE
> Task :expo-updates-interface:generateDebugResValues UP-TO-DATE
> Task :expo-updates-interface:generateDebugResources UP-TO-DATE
> Task :expo-updates-interface:packageDebugResources UP-TO-DATE
> Task :react-native-async-storage_async-storage:generateDebugResValues UP-TO-DATE
> Task :react-native-async-storage_async-storage:generateDebugResources UP-TO-DATE

> Task :expo-constants:createExpoConfig
env: load .env
env: export EXPO_PUBLIC_FIREBASE_API_KEY EXPO_PUBLIC_FIREBASE_AUTH_DOMAIN EXPO_PUBLIC_FIREBASE_PROJECT_ID EXPO_PUBLIC_FIREBASE_STORAGE_BUCKET EXPO_PUBLIC_FIREBASE_MESSAGING_SENDER_ID EXPO_PUBLIC_FIREBASE_APP_ID EXPO_PUBLIC_PROJECT_ID EXPO_PUBLIC_APP_DOMAIN EXPO_PUBLIC_VERIFY_EMAIL_PATH EXPO_PUBLIC_RESET_PASSWORD_PATH EXPO_PUBLIC_GOOGLE_WEB_CLIENT_ID

> Task :react-native-async-storage_async-storage:packageDebugResources UP-TO-DATE
> Task :react-native-gesture-handler:generateDebugResValues UP-TO-DATE
> Task :react-native-gesture-handler:generateDebugResources UP-TO-DATE
> Task :react-native-gesture-handler:packageDebugResources UP-TO-DATE
> Task :react-native-google-signin_google-signin:generateDebugResValues UP-TO-DATE
> Task :react-native-google-signin_google-signin:generateDebugResources UP-TO-DATE
> Task :react-native-google-signin_google-signin:packageDebugResources UP-TO-DATE
> Task :react-native-maps:generateDebugResValues UP-TO-DATE
> Task :react-native-maps:generateDebugResources UP-TO-DATE
> Task :react-native-maps:packageDebugResources UP-TO-DATE
> Task :react-native-safe-area-context:generateDebugResValues UP-TO-DATE
> Task :react-native-safe-area-context:generateDebugResources UP-TO-DATE
> Task :react-native-safe-area-context:packageDebugResources UP-TO-DATE
> Task :react-native-screens:generateDebugResValues UP-TO-DATE
> Task :react-native-screens:generateDebugResources UP-TO-DATE
> Task :react-native-screens:packageDebugResources UP-TO-DATE
> Task :react-native-worklets:generateDebugResValues UP-TO-DATE
> Task :react-native-worklets:generateDebugResources UP-TO-DATE
> Task :react-native-worklets:packageDebugResources UP-TO-DATE
> Task :expo:extractDeepLinksDebug UP-TO-DATE
> Task :expo:processDebugManifest UP-TO-DATE
> Task :expo-dev-client:extractDeepLinksDebug UP-TO-DATE
> Task :expo-dev-client:processDebugManifest UP-TO-DATE
> Task :expo-dev-launcher:extractDeepLinksDebug UP-TO-DATE
> Task :expo-dev-launcher:processDebugManifest UP-TO-DATE
> Task :expo-dev-menu:extractDeepLinksDebug UP-TO-DATE
> Task :react-native-reanimated:assertWorkletsVersionTask
> Task :react-native-reanimated:generateCodegenSchemaFromJavaScript UP-TO-DATE
> Task :react-native-reanimated:generateCodegenArtifactsFromSchema UP-TO-DATE
> Task :react-native-reanimated:prepareReanimatedHeadersForPrefabs UP-TO-DATE
> Task :react-native-reanimated:preBuild
> Task :react-native-reanimated:preDebugBuild
> Task :react-native-reanimated:writeDebugAarMetadata UP-TO-DATE
> Task :react-native-reanimated:generateDebugResValues UP-TO-DATE
> Task :react-native-reanimated:generateDebugResources UP-TO-DATE
> Task :react-native-reanimated:packageDebugResources UP-TO-DATE
> Task :expo-dev-menu-interface:extractDeepLinksDebug UP-TO-DATE
> Task :expo-dev-menu-interface:processDebugManifest UP-TO-DATE
> Task :expo-json-utils:extractDeepLinksDebug UP-TO-DATE
> Task :expo-dev-menu:processDebugManifest UP-TO-DATE
> Task :expo-manifests:extractDeepLinksDebug UP-TO-DATE
> Task :expo-manifests:processDebugManifest UP-TO-DATE
> Task :expo-modules-core:extractDeepLinksDebug UP-TO-DATE
> Task :expo-modules-core:processDebugManifest UP-TO-DATE
> Task :expo-json-utils:processDebugManifest UP-TO-DATE
> Task :react-native-async-storage_async-storage:extractDeepLinksDebug UP-TO-DATE
> Task :expo-updates-interface:extractDeepLinksDebug UP-TO-DATE
> Task :expo-updates-interface:processDebugManifest UP-TO-DATE
> Task :react-native-async-storage_async-storage:processDebugManifest UP-TO-DATE
> Task :react-native-gesture-handler:extractDeepLinksDebug UP-TO-DATE
> Task :react-native-google-signin_google-signin:extractDeepLinksDebug UP-TO-DATE
> Task :react-native-google-signin_google-signin:processDebugManifest UP-TO-DATE
> Task :react-native-maps:extractDeepLinksDebug UP-TO-DATE
> Task :react-native-gesture-handler:processDebugManifest UP-TO-DATE
> Task :react-native-reanimated:extractDeepLinksDebug UP-TO-DATE
> Task :react-native-reanimated:processDebugManifest UP-TO-DATE
> Task :react-native-maps:processDebugManifest UP-TO-DATE
> Task :react-native-safe-area-context:extractDeepLinksDebug UP-TO-DATE
> Task :react-native-safe-area-context:processDebugManifest UP-TO-DATE
> Task :react-native-screens:extractDeepLinksDebug UP-TO-DATE
> Task :react-native-screens:processDebugManifest UP-TO-DATE
> Task :react-native-worklets:extractDeepLinksDebug UP-TO-DATE
> Task :react-native-worklets:processDebugManifest UP-TO-DATE
> Task :expo:compileDebugLibraryResources UP-TO-DATE
> Task :expo-dev-client:compileDebugLibraryResources UP-TO-DATE
> Task :expo-constants:preBuild
> Task :expo-constants:preDebugBuild
> Task :expo-constants:writeDebugAarMetadata UP-TO-DATE
> Task :expo-constants:generateDebugResValues UP-TO-DATE
> Task :expo-constants:generateDebugResources UP-TO-DATE
> Task :expo-constants:packageDebugResources UP-TO-DATE
> Task :expo-constants:extractDeepLinksDebug UP-TO-DATE
> Task :expo-constants:processDebugManifest UP-TO-DATE
> Task :expo-constants:compileDebugLibraryResources UP-TO-DATE
> Task :expo-constants:parseDebugLocalResources UP-TO-DATE
> Task :expo-constants:generateDebugRFile UP-TO-DATE
> Task :expo-dev-launcher:compileDebugLibraryResources UP-TO-DATE
> Task :expo-dev-launcher:parseDebugLocalResources UP-TO-DATE
> Task :expo-dev-launcher:generateDebugRFile UP-TO-DATE
> Task :expo-dev-menu:compileDebugLibraryResources UP-TO-DATE
> Task :expo-dev-menu:parseDebugLocalResources UP-TO-DATE
> Task :expo-dev-menu:generateDebugRFile UP-TO-DATE
> Task :expo-dev-menu-interface:compileDebugLibraryResources UP-TO-DATE
> Task :expo-dev-menu-interface:parseDebugLocalResources UP-TO-DATE
> Task :expo-dev-menu-interface:generateDebugRFile UP-TO-DATE
> Task :expo-json-utils:compileDebugLibraryResources UP-TO-DATE
> Task :expo-json-utils:parseDebugLocalResources UP-TO-DATE
> Task :expo-json-utils:generateDebugRFile UP-TO-DATE
> Task :expo-manifests:compileDebugLibraryResources UP-TO-DATE
> Task :expo-manifests:parseDebugLocalResources UP-TO-DATE
> Task :expo-manifests:generateDebugRFile UP-TO-DATE
> Task :expo-modules-core:compileDebugLibraryResources UP-TO-DATE
> Task :expo-modules-core:parseDebugLocalResources UP-TO-DATE
> Task :expo-modules-core:generateDebugRFile UP-TO-DATE
> Task :expo-updates-interface:compileDebugLibraryResources UP-TO-DATE
> Task :expo-updates-interface:parseDebugLocalResources UP-TO-DATE
> Task :expo-updates-interface:generateDebugRFile UP-TO-DATE
> Task :react-native-async-storage_async-storage:compileDebugLibraryResources UP-TO-DATE
> Task :react-native-async-storage_async-storage:parseDebugLocalResources UP-TO-DATE
> Task :react-native-async-storage_async-storage:generateDebugRFile UP-TO-DATE
> Task :react-native-gesture-handler:compileDebugLibraryResources UP-TO-DATE
> Task :react-native-gesture-handler:parseDebugLocalResources UP-TO-DATE
> Task :react-native-gesture-handler:generateDebugRFile UP-TO-DATE
> Task :react-native-google-signin_google-signin:compileDebugLibraryResources UP-TO-DATE
> Task :react-native-google-signin_google-signin:parseDebugLocalResources UP-TO-DATE
> Task :react-native-google-signin_google-signin:generateDebugRFile UP-TO-DATE
> Task :react-native-maps:compileDebugLibraryResources UP-TO-DATE
> Task :react-native-maps:parseDebugLocalResources UP-TO-DATE
> Task :react-native-maps:generateDebugRFile UP-TO-DATE
> Task :react-native-reanimated:compileDebugLibraryResources UP-TO-DATE
> Task :react-native-reanimated:parseDebugLocalResources UP-TO-DATE
> Task :react-native-reanimated:generateDebugRFile UP-TO-DATE
> Task :react-native-safe-area-context:compileDebugLibraryResources UP-TO-DATE
> Task :react-native-safe-area-context:parseDebugLocalResources UP-TO-DATE
> Task :react-native-safe-area-context:generateDebugRFile UP-TO-DATE
> Task :react-native-screens:compileDebugLibraryResources UP-TO-DATE
> Task :react-native-screens:parseDebugLocalResources UP-TO-DATE
> Task :react-native-screens:generateDebugRFile UP-TO-DATE
> Task :react-native-worklets:compileDebugLibraryResources UP-TO-DATE
> Task :react-native-worklets:parseDebugLocalResources UP-TO-DATE
> Task :react-native-worklets:generateDebugRFile UP-TO-DATE
> Task :expo-constants:checkKotlinGradlePluginConfigurationErrors SKIPPED
> Task :expo-constants:generateDebugBuildConfig UP-TO-DATE
> Task :expo-modules-core:checkKotlinGradlePluginConfigurationErrors SKIPPED
> Task :expo-dev-client:parseDebugLocalResources UP-TO-DATE
> Task :expo-dev-client:generateDebugRFile UP-TO-DATE
> Task :expo-constants:javaPreCompileDebug UP-TO-DATE
> Task :expo-dev-client:checkKotlinGradlePluginConfigurationErrors SKIPPED
> Task :expo:parseDebugLocalResources UP-TO-DATE
> Task :expo-modules-core:generateDebugBuildConfig UP-TO-DATE
> Task :expo:generateDebugRFile UP-TO-DATE
> Task :expo:checkKotlinGradlePluginConfigurationErrors SKIPPED
> Task :expo:generateDebugBuildConfig UP-TO-DATE
> Task :expo-dev-launcher:checkKotlinGradlePluginConfigurationErrors SKIPPED
> Task :expo-dev-client:dataBindingMergeDependencyArtifactsDebug
> Task :expo-modules-core:compileDebugKotlin
> Task :expo-dev-launcher:dataBindingMergeDependencyArtifactsDebug
> Task :expo-dev-client:dataBindingMergeDependencyArtifactsDebug UP-TO-DATE
> Task :expo-modules-core:compileDebugKotlin UP-TO-DATE
> Task :expo-modules-core:javaPreCompileDebug UP-TO-DATE
> Task :expo-modules-core:compileDebugJavaWithJavac UP-TO-DATE
> Task :expo-modules-core:bundleLibCompileToJarDebug UP-TO-DATE
> Task :expo-dev-client:dataBindingGenBaseClassesDebug UP-TO-DATE
> Task :expo-dev-client:generateDebugBuildConfig UP-TO-DATE
> Task :expo-dev-client:compileDebugKotlin NO-SOURCE
> Task :expo-dev-client:javaPreCompileDebug UP-TO-DATE
> Task :app:generateAutolinkingNewArchitectureFiles UP-TO-DATE
> Task :app:generateAutolinkingPackageList UP-TO-DATE
> Task :app:generateCodegenSchemaFromJavaScript SKIPPED
> Task :app:generateCodegenArtifactsFromSchema SKIPPED
> Task :app:generateReactNativeEntryPoint UP-TO-DATE
> Task :app:preBuild UP-TO-DATE
> Task :app:preDebugBuild UP-TO-DATE
> Task :app:mergeDebugNativeDebugMetadata NO-SOURCE
> Task :app:checkKotlinGradlePluginConfigurationErrors SKIPPED
> Task :app:generateDebugBuildConfig UP-TO-DATE
> Task :expo-constants:compileDebugKotlin
> Task :expo-dev-client:compileDebugJavaWithJavac
> Task :expo-dev-launcher:dataBindingGenBaseClassesDebug
> Task :app:checkDebugAarMetadata

> Task :expo-constants:compileDebugKotlin
w: file:///C:/Users/emkad/EBuy/E-Foods/node_modules/expo-constants/android/src/main/java/expo/modules/constants/ConstantsModule.kt:12:5 'fun Constants(legacyConstantsProvider: () -> Map<String, Any?>): Unit' is deprecated. Use `Constant` or `Property` instead.

> Task :expo-dev-client:bundleLibCompileToJarDebug
> Task :expo-dev-menu:checkKotlinGradlePluginConfigurationErrors SKIPPED
> Task :expo-dev-menu:generateDebugBuildConfig UP-TO-DATE
> Task :expo-dev-menu-interface:checkKotlinGradlePluginConfigurationErrors SKIPPED
> Task :expo-dev-menu-interface:generateDebugBuildConfig UP-TO-DATE
> Task :expo-dev-launcher:generateDebugBuildConfig
> Task :expo-dev-launcher:checkApolloVersions
> Task :expo-dev-launcher:generateServiceApolloOptions
> Task :expo-constants:compileDebugJavaWithJavac
> Task :expo-dev-menu-interface:compileDebugKotlin
> Task :expo-constants:bundleLibCompileToJarDebug

> Task :expo-dev-launcher:generateServiceApolloSources
w: C:\Users\emkad\EBuy\E-Foods\node_modules\expo-dev-launcher\android\src\main\graphql\GetBranches.graphql: (21, 11): Apollo: Use of deprecated field `runtimeVersion`
w: C:\Users\emkad\EBuy\E-Foods\node_modules\expo-dev-launcher\android\src\main\graphql\GetBranches.graphql: (34, 3): Apollo: Variable `platform` is unused
w: C:\Users\emkad\EBuy\E-Foods\node_modules\expo-dev-launcher\android\src\main\graphql\GetUpdates.graphql: (14, 11): Apollo: Use of deprecated field `runtimeVersion`

> Task :expo-dev-menu-interface:javaPreCompileDebug UP-TO-DATE
> Task :expo-json-utils:checkKotlinGradlePluginConfigurationErrors SKIPPED
> Task :expo-json-utils:generateDebugBuildConfig UP-TO-DATE
> Task :expo-manifests:checkKotlinGradlePluginConfigurationErrors SKIPPED
> Task :expo-manifests:generateDebugBuildConfig UP-TO-DATE
> Task :expo-json-utils:javaPreCompileDebug UP-TO-DATE
> Task :expo-manifests:javaPreCompileDebug UP-TO-DATE
> Task :expo-dev-menu:javaPreCompileDebug UP-TO-DATE
> Task :expo-updates-interface:checkKotlinGradlePluginConfigurationErrors SKIPPED
> Task :expo-updates-interface:generateDebugBuildConfig UP-TO-DATE

> Task :expo-dev-menu-interface:compileDebugKotlin
w: file:///C:/Users/emkad/EBuy/E-Foods/node_modules/expo-dev-menu-interface/android/src/main/java/expo/interfaces/devmenu/DevMenuInterfacePackage.kt:14:16 This declaration overrides a deprecated member but is not marked as deprecated itself. Add the '@Deprecated' annotation or suppress the diagnostic.
w: file:///C:/Users/emkad/EBuy/E-Foods/node_modules/expo-dev-menu-interface/android/src/main/java/expo/interfaces/devmenu/ReactHostWrapper.kt:5:8 'class ReactNativeHost : Any' is deprecated. Deprecated in Java.
w: file:///C:/Users/emkad/EBuy/E-Foods/node_modules/expo-dev-menu-interface/android/src/main/java/expo/interfaces/devmenu/ReactHostWrapper.kt:19:41 'class ReactNativeHost : Any' is deprecated. Deprecated in Java.
w: file:///C:/Users/emkad/EBuy/E-Foods/node_modules/expo-dev-menu-interface/android/src/main/java/expo/interfaces/devmenu/ReactHostWrapper.kt:20:33 'class ReactNativeHost : Any' is deprecated. Deprecated in Java.

> Task :expo-json-utils:compileDebugKotlin
> Task :expo-updates-interface:compileDebugKotlin
> Task :expo-updates-interface:javaPreCompileDebug UP-TO-DATE
> Task :expo-json-utils:compileDebugJavaWithJavac
> Task :expo-json-utils:bundleLibCompileToJarDebug
> Task :expo-dev-menu-interface:compileDebugJavaWithJavac
> Task :expo-dev-menu-interface:bundleLibCompileToJarDebug
> Task :expo-dev-launcher:javaPreCompileDebug FROM-CACHE
> Task :expo:javaPreCompileDebug UP-TO-DATE
> Task :react-native-async-storage_async-storage:generateDebugBuildConfig UP-TO-DATE
> Task :react-native-async-storage_async-storage:javaPreCompileDebug UP-TO-DATE
> Task :expo-updates-interface:compileDebugJavaWithJavac
> Task :expo-updates-interface:bundleLibCompileToJarDebug
> Task :react-native-gesture-handler:checkKotlinGradlePluginConfigurationErrors SKIPPED
> Task :react-native-gesture-handler:generateDebugBuildConfig UP-TO-DATE
> Task :react-native-reanimated:generateDebugBuildConfig UP-TO-DATE
> Task :react-native-reanimated:javaPreCompileDebug UP-TO-DATE
> Task :react-native-worklets:generateDebugBuildConfig UP-TO-DATE
> Task :react-native-worklets:javaPreCompileDebug UP-TO-DATE
> Task :react-native-worklets:compileDebugJavaWithJavac UP-TO-DATE
> Task :react-native-async-storage_async-storage:compileDebugJavaWithJavac UP-TO-DATE
> Task :react-native-worklets:bundleLibCompileToJarDebug
> Task :expo-manifests:compileDebugKotlin
w: file:///C:/Users/emkad/EBuy/E-Foods/node_modules/expo-manifests/android/src/main/java/expo/modules/manifests/core/EmbeddedManifest.kt:19:16 This declaration overrides a deprecated member but is not marked as deprecated itself. Add the '@Deprecated' annotation or suppress the diagnostic.
w: file:///C:/Users/emkad/EBuy/E-Foods/node_modules/expo-manifests/android/src/main/java/expo/modules/manifests/core/EmbeddedManifest.kt:19:86 'fun getLegacyID(): String' is deprecated. Prefer scopeKey or projectId depending on use case.
w: file:///C:/Users/emkad/EBuy/E-Foods/node_modules/expo-manifests/android/src/main/java/expo/modules/manifests/core/ExpoUpdatesManifest.kt:16:16 This declaration overrides a deprecated member but is not marked as deprecated itself. Add the '@Deprecated' annotation or suppress the diagnostic.
w: file:///C:/Users/emkad/EBuy/E-Foods/node_modules/expo-manifests/android/src/main/java/expo/modules/manifests/core/Manifest.kt:13:3 Deprecations and opt-ins on a method overridden from 'Any' may not be reported.
w: file:///C:/Users/emkad/EBuy/E-Foods/node_modules/expo-manifests/android/src/main/java/expo/modules/manifests/core/Manifest.kt:15:12 'fun getRawJson(): JSONObject' is deprecated. Prefer to use specific field getters.

> Task :react-native-reanimated:compileDebugJavaWithJavac
Note: Some input files use or override a deprecated API.
Note: Recompile with -Xlint:deprecation for details.
Note: Some input files use unchecked or unsafe operations.
Note: Recompile with -Xlint:unchecked for details.

> Task :react-native-reanimated:bundleLibCompileToJarDebug
> Task :react-native-async-storage_async-storage:bundleLibCompileToJarDebug
> Task :react-native-async-storage_async-storage:bundleLibCompileToJarDebug UP-TO-DATE
> Task :react-native-google-signin_google-signin:checkKotlinGradlePluginConfigurationErrors SKIPPED
> Task :react-native-google-signin_google-signin:generateDebugBuildConfig
> Task :app:generateDebugResValues
> Task :react-native-gesture-handler:compileDebugKotlin
> Task :expo-manifests:compileDebugJavaWithJavac
> Task :app:mapDebugSourceSetPaths
> Task :app:generateDebugResources
> Task :expo-manifests:bundleLibCompileToJarDebug
> Task :react-native-google-signin_google-signin:compileDebugKotlin
w: file:///C:/Users/emkad/EBuy/E-Foods/node_modules/@react-native-google-signin/google-signin/android/src/main/java/com/reactnativegooglesignin/ErrorDto.kt:3:8 'class GoogleSignInStatusCodes : CommonStatusCodes' is deprecated. Deprecated in Java.
w: file:///C:/Users/emkad/EBuy/E-Foods/node_modules/@react-native-google-signin/google-signin/android/src/main/java/com/reactnativegooglesignin/ErrorDto.kt:23:31 Condition is always 'true'.
w: file:///C:/Users/emkad/EBuy/E-Foods/node_modules/@react-native-google-signin/google-signin/android/src/main/java/com/reactnativegooglesignin/ErrorDto.kt:24:16 'class GoogleSignInStatusCodes : CommonStatusCodes' is deprecated. Deprecated in Java.
w: file:///C:/Users/emkad/EBuy/E-Foods/node_modules/@react-native-google-signin/google-signin/android/src/main/java/com/reactnativegooglesignin/ErrorDto.kt:29:33 'class GoogleSignInStatusCodes : CommonStatusCodes' is deprecated. Deprecated in Java.
w: file:///C:/Users/emkad/EBuy/E-Foods/node_modules/@react-native-google-signin/google-signin/android/src/main/java/com/reactnativegooglesignin/ErrorDto.kt:30:38 'class GoogleSignInStatusCodes : CommonStatusCodes' is deprecated. Deprecated in Java.

> Task :react-native-gesture-handler:javaPreCompileDebug FROM-CACHE
> Task :react-native-google-signin_google-signin:javaPreCompileDebug FROM-CACHE
> Task :app:mergeDebugResources
> Task :expo-dev-menu:compileDebugKotlin
> Task :react-native-google-signin_google-signin:compileDebugJavaWithJavac
Note: Some input files use or override a deprecated API.
Note: Recompile with -Xlint:deprecation for details.
Note: C:\Users\emkad\EBuy\E-Foods\node_modules\@react-native-google-signin\google-signin\android\src\main\java\com\reactnativegooglesignin\RNGoogleSigninModule.java uses unchecked or unsafe operations.
Note: Recompile with -Xlint:unchecked for details.

> Task :react-native-gesture-handler:compileDebugKotlin
w: file:///C:/Users/emkad/EBuy/E-Foods/node_modules/react-native-gesture-handler/android/src/main/java/com/swmansion/gesturehandler/react/RNGestureHandlerRootView.kt:41:43 The corresponding parameter in the supertype 'ReactViewGroup' is named 'ev'. This may cause problems when calling this function with named arguments.

> Task :app:packageDebugResources
> Task :app:parseDebugLocalResources
> Task :app:createDebugCompatibleScreenManifests
> Task :app:extractDeepLinksDebug
> Task :react-native-gesture-handler:compileDebugJavaWithJavac
> Task :app:processDebugMainManifest

> Task :expo-dev-menu:compileDebugKotlin
e: file:///C:/Users/emkad/EBuy/E-Foods/node_modules/expo-dev-menu/android/src/debug/java/expo/modules/devmenu/DevMenuManager.kt:18:32 Unresolved reference 'DevMenuDelegateInterface'.
e: file:///C:/Users/emkad/EBuy/E-Foods/node_modules/expo-dev-menu/android/src/debug/java/expo/modules/devmenu/DevMenuManager.kt:19:32 Unresolved reference 'DevMenuManagerInterface'.
e: file:///C:/Users/emkad/EBuy/E-Foods/node_modules/expo-dev-menu/android/src/debug/java/expo/modules/devmenu/DevMenuManager.kt:20:32 Unresolved reference 'DevMenuPreferencesInterface'.
e: file:///C:/Users/emkad/EBuy/E-Foods/node_modules/expo-dev-menu/android/src/debug/java/expo/modules/devmenu/DevMenuManager.kt:21:32 Unresolved reference 'ReactHostWrapper'.
e: file:///C:/Users/emkad/EBuy/E-Foods/node_modules/expo-dev-menu/android/src/debug/java/expo/modules/devmenu/DevMenuManager.kt:38:25 Unresolved reference 'DevMenuManagerInterface'.
e: file:///C:/Users/emkad/EBuy/E-Foods/node_modules/expo-dev-menu/android/src/debug/java/expo/modules/devmenu/DevMenuManager.kt:47:28 Unresolved reference 'DevMenuPreferencesInterface'.
e: file:///C:/Users/emkad/EBuy/E-Foods/node_modules/expo-dev-menu/android/src/debug/java/expo/modules/devmenu/DevMenuManager.kt:48:26 Unresolved reference 'DevMenuDelegateInterface'.
e: file:///C:/Users/emkad/EBuy/E-Foods/node_modules/expo-dev-menu/android/src/debug/java/expo/modules/devmenu/DevMenuManager.kt:50:51 Unresolved reference 'ReactHostWrapper'.
e: file:///C:/Users/emkad/EBuy/E-Foods/node_modules/expo-dev-menu/android/src/debug/java/expo/modules/devmenu/DevMenuManager.kt:61:23 Unresolved reference 'ReactHostWrapper'.
e: file:///C:/Users/emkad/EBuy/E-Foods/node_modules/expo-dev-menu/android/src/debug/java/expo/modules/devmenu/DevMenuManager.kt:62:22 Unresolved reference 'reactHost'.
e: file:///C:/Users/emkad/EBuy/E-Foods/node_modules/expo-dev-menu/android/src/debug/java/expo/modules/devmenu/DevMenuManager.kt:71:23 Unresolved reference 'reactHost'.
e: file:///C:/Users/emkad/EBuy/E-Foods/node_modules/expo-dev-menu/android/src/debug/java/expo/modules/devmenu/DevMenuManager.kt:80:45 Unresolved reference 'ReactHostWrapper'.
e: file:///C:/Users/emkad/EBuy/E-Foods/node_modules/expo-dev-menu/android/src/debug/java/expo/modules/devmenu/DevMenuManager.kt:81:28 Cannot infer type for this parameter. Specify it explicitly.
e: file:///C:/Users/emkad/EBuy/E-Foods/node_modules/expo-dev-menu/android/src/debug/java/expo/modules/devmenu/DevMenuManager.kt:97:19 Unresolved reference 'currentReactContext'.
e: file:///C:/Users/emkad/EBuy/E-Foods/node_modules/expo-dev-menu/android/src/debug/java/expo/modules/devmenu/DevMenuManager.kt:98:17 Unresolved reference 'addReactInstanceEventListener'.
e: file:///C:/Users/emkad/EBuy/E-Foods/node_modules/expo-dev-menu/android/src/debug/java/expo/modules/devmenu/DevMenuManager.kt:103:21 Unresolved reference 'removeReactInstanceEventListener'.
e: file:///C:/Users/emkad/EBuy/E-Foods/node_modules/expo-dev-menu/android/src/debug/java/expo/modules/devmenu/DevMenuManager.kt:107:45 Unresolved reference 'currentReactContext'.
e: file:///C:/Users/emkad/EBuy/E-Foods/node_modules/expo-dev-menu/android/src/debug/java/expo/modules/devmenu/DevMenuManager.kt:137:31 Unresolved reference 'reactHost'.
e: file:///C:/Users/emkad/EBuy/E-Foods/node_modules/expo-dev-menu/android/src/debug/java/expo/modules/devmenu/DevMenuManager.kt:173:22 Unresolved reference 'motionGestureEnabled'.
e: file:///C:/Users/emkad/EBuy/E-Foods/node_modules/expo-dev-menu/android/src/debug/java/expo/modules/devmenu/DevMenuManager.kt:184:22 Unresolved reference 'touchGestureEnabled'.
e: file:///C:/Users/emkad/EBuy/E-Foods/node_modules/expo-dev-menu/android/src/debug/java/expo/modules/devmenu/DevMenuManager.kt:202:20 No value passed for parameter 'screen'.
e: file:///C:/Users/emkad/EBuy/E-Foods/node_modules/expo-dev-menu/android/src/debug/java/expo/modules/devmenu/DevMenuManager.kt:257:3 'openMenu' overrides nothing.
e: file:///C:/Users/emkad/EBuy/E-Foods/node_modules/expo-dev-menu/android/src/debug/java/expo/modules/devmenu/DevMenuManager.kt:263:3 'closeMenu' overrides nothing.
e: file:///C:/Users/emkad/EBuy/E-Foods/node_modules/expo-dev-menu/android/src/debug/java/expo/modules/devmenu/DevMenuManager.kt:269:3 'hideMenu' overrides nothing.
e: file:///C:/Users/emkad/EBuy/E-Foods/node_modules/expo-dev-menu/android/src/debug/java/expo/modules/devmenu/DevMenuManager.kt:275:3 'toggleMenu' overrides nothing.
e: file:///C:/Users/emkad/EBuy/E-Foods/node_modules/expo-dev-menu/android/src/debug/java/expo/modules/devmenu/DevMenuManager.kt:283:3 'onTouchEvent' overrides nothing.
e: file:///C:/Users/emkad/EBuy/E-Foods/node_modules/expo-dev-menu/android/src/debug/java/expo/modules/devmenu/DevMenuManager.kt:287:3 'onKeyEvent' overrides nothing.
e: file:///C:/Users/emkad/EBuy/E-Foods/node_modules/expo-dev-menu/android/src/debug/java/expo/modules/devmenu/DevMenuManager.kt:303:40 No value passed for parameter 'screen'.
e: file:///C:/Users/emkad/EBuy/E-Foods/node_modules/expo-dev-menu/android/src/debug/java/expo/modules/devmenu/DevMenuManager.kt:307:22 Unresolved reference 'keyCommandsEnabled'.
e: file:///C:/Users/emkad/EBuy/E-Foods/node_modules/expo-dev-menu/android/src/debug/java/expo/modules/devmenu/DevMenuManager.kt:370:32 Unresolved reference 'showFab'.
e: file:///C:/Users/emkad/EBuy/E-Foods/node_modules/expo-dev-menu/android/src/debug/java/expo/modules/devmenu/DevMenuManager.kt:371:5 Unresolved reference 'DevMenuPreferencesInterface'.
e: file:///C:/Users/emkad/EBuy/E-Foods/node_modules/expo-dev-menu/android/src/debug/java/expo/modules/devmenu/DevMenuManager.kt:371:18 Unresolved reference 'showFab'.
e: file:///C:/Users/emkad/EBuy/E-Foods/node_modules/expo-dev-menu/android/src/debug/java/expo/modules/devmenu/DevMenuManager.kt:374:3 'setDelegate' overrides nothing.
e: file:///C:/Users/emkad/EBuy/E-Foods/node_modules/expo-dev-menu/android/src/debug/java/expo/modules/devmenu/DevMenuManager.kt:374:41 Unresolved reference 'DevMenuDelegateInterface'.
e: file:///C:/Users/emkad/EBuy/E-Foods/node_modules/expo-dev-menu/android/src/debug/java/expo/modules/devmenu/DevMenuManager.kt:375:67 Cannot infer type for this parameter. Specify it explicitly.
e: file:///C:/Users/emkad/EBuy/E-Foods/node_modules/expo-dev-menu/android/src/debug/java/expo/modules/devmenu/DevMenuManager.kt:375:67 'val <T : Any> KClass<T>.javaClass: Class<KClass<T>>' is deprecated. Use 'java' property to get Java class corresponding to this Kotlin class or cast this instance to Any if you really want to get the runtime Java class of this implementation of KClass.
e: file:///C:/Users/emkad/EBuy/E-Foods/node_modules/expo-dev-menu/android/src/debug/java/expo/modules/devmenu/DevMenuManager.kt:375:67 Not enough information to infer type argument for 'T'.
e: file:///C:/Users/emkad/EBuy/E-Foods/node_modules/expo-dev-menu/android/src/debug/java/expo/modules/devmenu/DevMenuManager.kt:379:28 Cannot infer type for this parameter. Specify it explicitly.
e: file:///C:/Users/emkad/EBuy/E-Foods/node_modules/expo-dev-menu/android/src/debug/java/expo/modules/devmenu/DevMenuManager.kt:379:28 Unresolved reference. None of the following candidates is applicable because of a receiver type mismatch:
fun <T> T.apply(block: T.() -> Unit): T
    [R|Contract description]
     <
        CallsInPlace(block, EXACTLY_ONCE)
    >
e: file:///C:/Users/emkad/EBuy/E-Foods/node_modules/expo-dev-menu/android/src/debug/java/expo/modules/devmenu/DevMenuManager.kt:379:34 Cannot infer type for this parameter. Specify it explicitly.
e: file:///C:/Users/emkad/EBuy/E-Foods/node_modules/expo-dev-menu/android/src/debug/java/expo/modules/devmenu/DevMenuManager.kt:380:26 Cannot infer type for this parameter. Specify it explicitly.
e: file:///C:/Users/emkad/EBuy/E-Foods/node_modules/expo-dev-menu/android/src/debug/java/expo/modules/devmenu/DevMenuManager.kt:380:31 Unresolved reference 'reactHost'.
e: file:///C:/Users/emkad/EBuy/E-Foods/node_modules/expo-dev-menu/android/src/debug/java/expo/modules/devmenu/DevMenuManager.kt:388:3 'initializeWithReactHost' overrides nothing.
e: file:///C:/Users/emkad/EBuy/E-Foods/node_modules/expo-dev-menu/android/src/debug/java/expo/modules/devmenu/DevMenuManager.kt:388:51 Unresolved reference 'ReactHostWrapper'.
e: file:///C:/Users/emkad/EBuy/E-Foods/node_modules/expo-dev-menu/android/src/debug/java/expo/modules/devmenu/DevMenuManager.kt:392:3 'sendEventToDelegateBridge' overrides nothing.
e: file:///C:/Users/emkad/EBuy/E-Foods/node_modules/expo-dev-menu/android/src/debug/java/expo/modules/devmenu/DevMenuManager.kt:398:3 'isInitialized' overrides nothing.
e: file:///C:/Users/emkad/EBuy/E-Foods/node_modules/expo-dev-menu/android/src/debug/java/expo/modules/devmenu/DevMenuManager.kt:402:3 'coroutineScope' overrides nothing.
e: file:///C:/Users/emkad/EBuy/E-Foods/node_modules/expo-dev-menu/android/src/debug/java/expo/modules/devmenu/DevMenuManager.kt:404:3 'getSettings' overrides nothing.
e: file:///C:/Users/emkad/EBuy/E-Foods/node_modules/expo-dev-menu/android/src/debug/java/expo/modules/devmenu/DevMenuManager.kt:404:31 Unresolved reference 'DevMenuPreferencesInterface'.
e: file:///C:/Users/emkad/EBuy/E-Foods/node_modules/expo-dev-menu/android/src/debug/java/expo/modules/devmenu/DevMenuManager.kt:406:3 'setCanLaunchDevMenuOnStart' overrides nothing.
e: file:///C:/Users/emkad/EBuy/E-Foods/node_modules/expo-dev-menu/android/src/debug/java/expo/modules/devmenu/DevMenuManager.kt:410:3 'synchronizeDelegate' overrides nothing.
e: file:///C:/Users/emkad/EBuy/E-Foods/node_modules/expo-dev-menu/android/src/debug/java/expo/modules/devmenu/DevMenuManager.kt:411:28 Cannot infer type for this parameter. Specify it explicitly.
e: file:///C:/Users/emkad/EBuy/E-Foods/node_modules/expo-dev-menu/android/src/debug/java/expo/modules/devmenu/DevMenuManager.kt:411:53 Unresolved reference 'reactHost'.
e: file:///C:/Users/emkad/EBuy/E-Foods/node_modules/expo-dev-menu/android/src/main/java/expo/modules/devmenu/AppInfo.kt:5:32 Unresolved reference 'ReactHostWrapper'.
e: file:///C:/Users/emkad/EBuy/E-Foods/node_modules/expo-dev-menu/android/src/main/java/expo/modules/devmenu/AppInfo.kt:36:29 Unresolved reference 'ReactHostWrapper'.
e: file:///C:/Users/emkad/EBuy/E-Foods/node_modules/expo-dev-menu/android/src/main/java/expo/modules/devmenu/AppInfo.kt:41:29 Unresolved reference 'currentReactContext'.
e: file:///C:/Users/emkad/EBuy/E-Foods/node_modules/expo-dev-menu/android/src/main/java/expo/modules/devmenu/AppInfo.kt:65:36 Unresolved reference 'jsExecutorName'.
e: file:///C:/Users/emkad/EBuy/E-Foods/node_modules/expo-dev-menu/android/src/main/java/expo/modules/devmenu/DevMenuDefaultDelegate.kt:4:32 Unresolved reference 'DevMenuDelegateInterface'.
e: file:///C:/Users/emkad/EBuy/E-Foods/node_modules/expo-dev-menu/android/src/main/java/expo/modules/devmenu/DevMenuDefaultDelegate.kt:5:32 Unresolved reference 'ReactHostWrapper'.
e: file:///C:/Users/emkad/EBuy/E-Foods/node_modules/expo-dev-menu/android/src/main/java/expo/modules/devmenu/DevMenuDefaultDelegate.kt:11:29 Unresolved reference 'ReactHostWrapper'.
e: file:///C:/Users/emkad/EBuy/E-Foods/node_modules/expo-dev-menu/android/src/main/java/expo/modules/devmenu/DevMenuDefaultDelegate.kt:12:5 Unresolved reference 'DevMenuDelegateInterface'.
e: file:///C:/Users/emkad/EBuy/E-Foods/node_modules/expo-dev-menu/android/src/main/java/expo/modules/devmenu/DevMenuDefaultDelegate.kt:13:3 'appInfo' overrides nothing.
e: file:///C:/Users/emkad/EBuy/E-Foods/node_modules/expo-dev-menu/android/src/main/java/expo/modules/devmenu/DevMenuDefaultDelegate.kt:15:3 'reactHost' overrides nothing.
e: file:///C:/Users/emkad/EBuy/E-Foods/node_modules/expo-dev-menu/android/src/main/java/expo/modules/devmenu/DevMenuDefaultDelegate.kt:15:29 Unresolved reference 'ReactHostWrapper'.
e: file:///C:/Users/emkad/EBuy/E-Foods/node_modules/expo-dev-menu/android/src/main/java/expo/modules/devmenu/DevMenuDevSettings.kt:3:32 Unresolved reference 'ReactHostWrapper'.
e: file:///C:/Users/emkad/EBuy/E-Foods/node_modules/expo-dev-menu/android/src/main/java/expo/modules/devmenu/DevMenuDevSettings.kt:13:33 Unresolved reference 'ReactHostWrapper'.
e: file:///C:/Users/emkad/EBuy/E-Foods/node_modules/expo-dev-menu/android/src/main/java/expo/modules/devmenu/DevMenuPackage.kt:19:32 Unresolved reference 'ReactHostWrapper'.
e: file:///C:/Users/emkad/EBuy/E-Foods/node_modules/expo-dev-menu/android/src/main/java/expo/modules/devmenu/DevMenuPackage.kt:46:15 Unresolved reference 'ReactHostWrapper'.
e: file:///C:/Users/emkad/EBuy/E-Foods/node_modules/expo-dev-menu/android/src/main/java/expo/modules/devmenu/DevMenuPreferences.kt:10:32 Unresolved reference 'DevMenuPreferencesInterface'.
e: file:///C:/Users/emkad/EBuy/E-Foods/node_modules/expo-dev-menu/android/src/main/java/expo/modules/devmenu/DevMenuPreferences.kt:14:35 Unresolved reference 'DevMenuPreferencesInterface'.
e: file:///C:/Users/emkad/EBuy/E-Foods/node_modules/expo-dev-menu/android/src/main/java/expo/modules/devmenu/DevMenuPreferences.kt:40:3 'motionGestureEnabled' overrides nothing.
e: file:///C:/Users/emkad/EBuy/E-Foods/node_modules/expo-dev-menu/android/src/main/java/expo/modules/devmenu/DevMenuPreferences.kt:47:3 'touchGestureEnabled' overrides nothing.
e: file:///C:/Users/emkad/EBuy/E-Foods/node_modules/expo-dev-menu/android/src/main/java/expo/modules/devmenu/DevMenuPreferences.kt:54:3 'keyCommandsEnabled' overrides nothing.
e: file:///C:/Users/emkad/EBuy/E-Foods/node_modules/expo-dev-menu/android/src/main/java/expo/modules/devmenu/DevMenuPreferences.kt:61:3 'showsAtLaunch' overrides nothing.
e: file:///C:/Users/emkad/EBuy/E-Foods/node_modules/expo-dev-menu/android/src/main/java/expo/modules/devmenu/DevMenuPreferences.kt:68:3 'isOnboardingFinished' overrides nothing.
e: file:///C:/Users/emkad/EBuy/E-Foods/node_modules/expo-dev-menu/android/src/main/java/expo/modules/devmenu/DevMenuPreferences.kt:75:3 'showFab' overrides nothing.
e: file:///C:/Users/emkad/EBuy/E-Foods/node_modules/expo-dev-menu/android/src/main/java/expo/modules/devmenu/compose/BindingView.kt:31:41 No value passed for parameter 'screen'.
e: file:///C:/Users/emkad/EBuy/E-Foods/node_modules/expo-dev-menu/android/src/main/java/expo/modules/devmenu/compose/DevMenuViewModel.kt:38:60 Unresolved reference 'isOnboardingFinished'.
e: file:///C:/Users/emkad/EBuy/E-Foods/node_modules/expo-dev-menu/android/src/main/java/expo/modules/devmenu/compose/DevMenuViewModel.kt:66:63 Unresolved reference 'devSupportManager'.
e: file:///C:/Users/emkad/EBuy/E-Foods/node_modules/expo-dev-menu/android/src/main/java/expo/modules/devmenu/compose/DevMenuViewModel.kt:74:39 Unresolved reference 'isOnboardingFinished'.
e: file:///C:/Users/emkad/EBuy/E-Foods/node_modules/expo-dev-menu/android/src/main/java/expo/modules/devmenu/devtools/DevMenuDevToolsDelegate.kt:9:32 Unresolved reference 'DevMenuManagerInterface'.
e: file:///C:/Users/emkad/EBuy/E-Foods/node_modules/expo-dev-menu/android/src/main/java/expo/modules/devmenu/devtools/DevMenuDevToolsDelegate.kt:10:32 Unresolved reference 'ReactHostWrapper'.
e: file:///C:/Users/emkad/EBuy/E-Foods/node_modules/expo-dev-menu/android/src/main/java/expo/modules/devmenu/devtools/DevMenuDevToolsDelegate.kt:17:24 Unresolved reference 'DevMenuManagerInterface'.
e: file:///C:/Users/emkad/EBuy/E-Foods/node_modules/expo-dev-menu/android/src/main/java/expo/modules/devmenu/devtools/DevMenuDevToolsDelegate.kt:18:14 Unresolved reference 'ReactHostWrapper'.
e: file:///C:/Users/emkad/EBuy/E-Foods/node_modules/expo-dev-menu/android/src/main/java/expo/modules/devmenu/devtools/DevMenuDevToolsDelegate.kt:20:34 Cannot infer type for this parameter. Specify it explicitly.
e: file:///C:/Users/emkad/EBuy/E-Foods/node_modules/expo-dev-menu/android/src/main/java/expo/modules/devmenu/devtools/DevMenuDevToolsDelegate.kt:21:15 Unresolved reference 'devSupportManager'.
e: file:///C:/Users/emkad/EBuy/E-Foods/node_modules/expo-dev-menu/android/src/main/java/expo/modules/devmenu/devtools/DevMenuDevToolsDelegate.kt:23:31 Cannot infer type for this parameter. Specify it explicitly.
e: file:///C:/Users/emkad/EBuy/E-Foods/node_modules/expo-dev-menu/android/src/main/java/expo/modules/devmenu/devtools/DevMenuDevToolsDelegate.kt:24:15 Unresolved reference 'currentReactContext'.
e: file:///C:/Users/emkad/EBuy/E-Foods/node_modules/expo-dev-menu/android/src/main/java/expo/modules/devmenu/devtools/DevMenuDevToolsDelegate.kt:31:30 Unresolved reference 'devSettings'.
e: file:///C:/Users/emkad/EBuy/E-Foods/node_modules/expo-dev-menu/android/src/main/java/expo/modules/devmenu/devtools/DevMenuDevToolsDelegate.kt:38:13 Unresolved reference 'closeMenu'.
e: file:///C:/Users/emkad/EBuy/E-Foods/node_modules/expo-dev-menu/android/src/main/java/expo/modules/devmenu/devtools/DevMenuDevToolsDelegate.kt:40:23 Unresolved reference 'handleReloadJS'.
e: file:///C:/Users/emkad/EBuy/E-Foods/node_modules/expo-dev-menu/android/src/main/java/expo/modules/devmenu/devtools/DevMenuDevToolsDelegate.kt:45:22 Unresolved reference 'toggleElementInspector'.
e: file:///C:/Users/emkad/EBuy/E-Foods/node_modules/expo-dev-menu/android/src/main/java/expo/modules/devmenu/devtools/DevMenuDevToolsDelegate.kt:54:23 Unresolved reference 'setFpsDebugEnabled'.
e: file:///C:/Users/emkad/EBuy/E-Foods/node_modules/expo-dev-menu/android/src/main/java/expo/modules/devmenu/devtools/DevMenuDevToolsDelegate.kt:63:13 Unresolved reference 'coroutineScope'.
e: file:///C:/Users/emkad/EBuy/E-Foods/node_modules/expo-dev-menu/android/src/main/java/expo/modules/devmenu/devtools/DevMenuDevToolsDelegate.kt:65:76 Unresolved reference 'packageName'.
e: file:///C:/Users/emkad/EBuy/E-Foods/node_modules/expo-dev-menu/android/src/main/java/expo/modules/devmenu/devtools/DevMenuDevToolsDelegate.kt:79:42 Unresolved reference 'devSupportEnabled'.
e: file:///C:/Users/emkad/EBuy/E-Foods/node_modules/expo-dev-menu/android/src/main/java/expo/modules/devmenu/devtools/DevMenuDevToolsDelegate.kt:80:21 Unresolved reference 'devSupportEnabled'.
e: file:///C:/Users/emkad/EBuy/E-Foods/node_modules/expo-dev-menu/android/src/main/java/expo/modules/devmenu/devtools/DevMenuDevToolsDelegate.kt:82:21 Unresolved reference 'devSupportEnabled'.
e: file:///C:/Users/emkad/EBuy/E-Foods/node_modules/expo-dev-menu/android/src/main/java/expo/modules/devmenu/modules/DevMenuModule.kt:17:31 No value passed for parameter 'screen'.
e: file:///C:/Users/emkad/EBuy/E-Foods/node_modules/expo-dev-menu/android/src/main/java/expo/modules/devmenu/react/DevMenuPackagerCommandHandlersSwapper.kt:9:32 Unresolved reference 'ReactHostWrapper'.
e: file:///C:/Users/emkad/EBuy/E-Foods/node_modules/expo-dev-menu/android/src/main/java/expo/modules/devmenu/react/DevMenuPackagerCommandHandlersSwapper.kt:18:16 Unresolved reference 'ReactHostWrapper'.
e: file:///C:/Users/emkad/EBuy/E-Foods/node_modules/expo-dev-menu/android/src/main/java/expo/modules/devmenu/react/DevMenuPackagerCommandHandlersSwapper.kt:22:75 Unresolved reference 'devSupportManager'.
e: file:///C:/Users/emkad/EBuy/E-Foods/node_modules/expo-dev-menu/android/src/main/java/expo/modules/devmenu/react/DevMenuPackagerCommandHandlersSwapper.kt:63:16 Unresolved reference 'ReactHostWrapper'.
e: file:///C:/Users/emkad/EBuy/E-Foods/node_modules/expo-dev-menu/android/src/main/java/expo/modules/devmenu/react/DevMenuPackagerCommandHandlersSwapper.kt:69:35 Cannot infer type for this parameter. Specify it explicitly.
e: file:///C:/Users/emkad/EBuy/E-Foods/node_modules/expo-dev-menu/android/src/main/java/expo/modules/devmenu/react/DevMenuPackagerCommandHandlersSwapper.kt:69:60 Unresolved reference 'devSupportManager'.
e: file:///C:/Users/emkad/EBuy/E-Foods/node_modules/expo-dev-menu/android/src/main/java/expo/modules/devmenu/react/DevMenuShakeDetectorListenerSwapper.kt:6:32 Unresolved reference 'ReactHostWrapper'.
e: file:///C:/Users/emkad/EBuy/E-Foods/node_modules/expo-dev-menu/android/src/main/java/expo/modules/devmenu/react/DevMenuShakeDetectorListenerSwapper.kt:13:16 Unresolved reference 'ReactHostWrapper'.
e: file:///C:/Users/emkad/EBuy/E-Foods/node_modules/expo-dev-menu/android/src/main/java/expo/modules/devmenu/react/DevMenuShakeDetectorListenerSwapper.kt:17:31 Cannot infer type for this parameter. Specify it explicitly.
e: file:///C:/Users/emkad/EBuy/E-Foods/node_modules/expo-dev-menu/android/src/main/java/expo/modules/devmenu/react/DevMenuShakeDetectorListenerSwapper.kt:17:56 Unresolved reference 'devSupportManager'.
e: file:///C:/Users/emkad/EBuy/E-Foods/node_modules/expo-dev-menu/android/src/main/java/expo/modules/devmenu/websockets/DevMenuCommandHandlersProvider.kt:6:32 Unresolved reference 'DevMenuManagerInterface'.
e: file:///C:/Users/emkad/EBuy/E-Foods/node_modules/expo-dev-menu/android/src/main/java/expo/modules/devmenu/websockets/DevMenuCommandHandlersProvider.kt:7:32 Unresolved reference 'ReactHostWrapper'.
e: file:///C:/Users/emkad/EBuy/E-Foods/node_modules/expo-dev-menu/android/src/main/java/expo/modules/devmenu/websockets/DevMenuCommandHandlersProvider.kt:13:24 Unresolved reference 'DevMenuManagerInterface'.
e: file:///C:/Users/emkad/EBuy/E-Foods/node_modules/expo-dev-menu/android/src/main/java/expo/modules/devmenu/websockets/DevMenuCommandHandlersProvider.kt:14:14 Unresolved reference 'ReactHostWrapper'.
e: file:///C:/Users/emkad/EBuy/E-Foods/node_modules/expo-dev-menu/android/src/main/java/expo/modules/devmenu/websockets/DevMenuCommandHandlersProvider.kt:16:23 Cannot infer type for this parameter. Specify it explicitly.
e: file:///C:/Users/emkad/EBuy/E-Foods/node_modules/expo-dev-menu/android/src/main/java/expo/modules/devmenu/websockets/DevMenuCommandHandlersProvider.kt:22:15 Unresolved reference 'closeMenu'.
e: file:///C:/Users/emkad/EBuy/E-Foods/node_modules/expo-dev-menu/android/src/main/java/expo/modules/devmenu/websockets/DevMenuCommandHandlersProvider.kt:24:15 Unresolved reference 'devSupportManager'.
e: file:///C:/Users/emkad/EBuy/E-Foods/node_modules/expo-dev-menu/android/src/main/java/expo/modules/devmenu/websockets/DevMenuCommandHandlersProvider.kt:31:28 Unresolved reference 'currentReactContext'.
e: file:///C:/Users/emkad/EBuy/E-Foods/node_modules/expo-dev-menu/android/src/main/java/expo/modules/devmenu/websockets/DevMenuCommandHandlersProvider.kt:32:15 Unresolved reference 'toggleMenu'.
e: file:///C:/Users/emkad/EBuy/E-Foods/node_modules/expo-dev-menu/android/src/main/java/expo/modules/devmenu/websockets/DevMenuCommandHandlersProvider.kt:47:33 Unresolved reference 'currentReactContext'.
e: file:///C:/Users/emkad/EBuy/E-Foods/node_modules/expo-dev-menu/android/src/main/java/expo/modules/devmenu/websockets/DevMenuCommandHandlersProvider.kt:48:21 Unresolved reference 'toggleMenu'.
e: file:///C:/Users/emkad/EBuy/E-Foods/node_modules/expo-dev-menu/android/src/main/java/expo/modules/devmenu/websockets/DevMenuCommandHandlersProvider.kt:52:33 Unresolved reference 'currentReactContext'.

> Task :expo-dev-menu:compileDebugKotlin FAILED

> Task :app:processDebugMainManifest
C:\Users\emkad\EBuy\E-Foods\android\app\src\debug\AndroidManifest.xml:6:5-162 Warning:
	application@android:usesCleartextTraffic was tagged at AndroidManifest.xml:6 to replace other declarations but no other declaration present
C:\Users\emkad\EBuy\E-Foods\android\app\src\debug\AndroidManifest.xml Warning:
	activity#expo.modules.imagepicker.ExpoCropImageActivity@android:exported was tagged at AndroidManifest.xml:0 to replace other declarations but no other declaration present
C:\Users\emkad\EBuy\E-Foods\android\app\src\debug\AndroidManifest.xml Warning:
	provider#expo.modules.filesystem.FileSystemFileProvider@android:authorities was tagged at AndroidManifest.xml:0 to replace other declarations but no other declaration present

[Incubating] Problems report is available at: file:///C:/Users/emkad/EBuy/E-Foods/android/build/reports/problems/problems-report.html

FAILURE: Build failed with an exception.

* What went wrong:
Execution failed for task ':expo-dev-menu:compileDebugKotlin'.
> A failure occurred while executing org.jetbrains.kotlin.compilerRunner.GradleCompilerRunnerWithWorkers$GradleKotlinCompilerWorkAction
   > Compilation error. See log for more details

* Try:
> Run with --stacktrace option to get the stack trace.
> Run with --info or --debug option to get more log output.
> Run with --scan to get full insights.
> Get more help at https://help.gradle.org.

Deprecated Gradle features were used in this build, making it incompatible with Gradle 9.0.

You can use '--warning-mode all' to show the individual deprecation warnings and determine if they come from your own scripts or plugins.

For more on this, please refer to https://docs.gradle.org/8.14.3/userguide/command_line_interface.html#sec:command_line_warnings in the Gradle documentation.

BUILD FAILED in 23m 45s
293 actionable tasks: 46 executed, 3 from cache, 244 up-to-date

c:\Users\emkad\EBuy\E-Foods\android>if 1 EQU 0 goto mainEnd 

c:\Users\emkad\EBuy\E-Foods\android>rem Set variable GRADLE_EXIT_CONSOLE if you need the _script_ return code instead of 

c:\Users\emkad\EBuy\E-Foods\android>rem the _cmd.exe /c_ return code! 

c:\Users\emkad\EBuy\E-Foods\android>set EXIT_CODE=1 

c:\Users\emkad\EBuy\E-Foods\android>if 1 EQU 0 set EXIT_CODE=1 

c:\Users\emkad\EBuy\E-Foods\android>if not "" == "" exit 1 

c:\Users\emkad\EBuy\E-Foods\android>exit /b 1 
